[2025-08-07 14:42:56] [INFO] 日志模块初始化完成 [路径: ./memcached.log, 级别: INFO(2)]
[2025-08-07 14:42:56] [INFO] Memcached 服务启动 [版本: 1.6.20, 端口: 0]
[2025-08-07 14:43:36] [INFO] 日志模块初始化完成 [路径: ./memcached.log, 级别: INFO(2)]
[2025-08-07 14:43:36] [INFO] Memcached 服务启动 [版本: 1.6.20, 端口: 0]
[2025-08-07 14:44:04] [INFO] 日志模块初始化完成 [路径: ./memcached.log, 级别: INFO(2)]
[2025-08-07 14:44:04] [INFO] Memcached 服务启动 [版本: 1.6.20, 端口: 0]
[2025-08-07 14:48:01] [INFO] 日志模块初始化完成 [路径: ./memcached.log, 级别: INFO(2)]
[2025-08-07 14:48:01] [INFO] Memcached 服务启动 [版本: 1.6.20, 端口: 0]
[2025-08-07 14:49:21] [INFO] 日志模块初始化完成 [路径: ./memcached.log, 级别: INFO(2)]
[2025-08-07 14:49:21] [INFO] Memcached 服务启动 [版本: 1.6.20, 端口: 0]
[2025-08-07 15:04:44] [INFO] 日志模块初始化完成 [路径: ./memcached.log, 级别: INFO(2)]
[2025-08-07 15:04:44] [INFO] Memcached 服务启动 [版本: 1.6.20, 端口: 0]
[2025-08-07 15:16:03] [INFO] 日志模块初始化完成 [路径: ./memcached.log, 级别: INFO(2)]
[2025-08-07 15:16:03] [INFO] Memcached 服务启动 [版本: 1.6.20, 端口: 0]
[2025-08-07 15:16:13] [INFO] 开始监听客户端连接 [监听套接字: 23, 端口: 11211]
[2025-08-07 15:16:13] [INFO] 连接成功 [客户端IP: 127.0.0.1, 客户端端口: 53372, 新套接字: 25]
[2025-08-07 15:28:16] [INFO] 日志模块初始化完成 [路径: ./memcached.log, 级别: INFO(2)]
[2025-08-07 15:28:16] [INFO] Memcached 服务启动 [版本: 1.6.20, 端口: 0]
[2025-08-07 15:28:41] [INFO] 开始监听客户端连接 [监听套接字: 23, 端口: 11211]
[2025-08-07 15:28:41] [INFO] 连接成功 [客户端IP: 127.0.0.1, 客户端端口: 53674, 新套接字: 25]
[2025-08-07 15:28:47] [INFO] 尝试关闭连接 [客户端: :0, 传输类型: TCP]
[2025-08-07 15:28:47] [INFO] TCP 连接关闭完成 [客户端: :0]
[2025-08-07 15:36:10] [INFO] 日志模块初始化完成 [路径: ./memcached.log, 级别: INFO(2)]
[2025-08-07 15:36:10] [INFO] Memcached 服务启动 [版本: 1.6.20, 端口: 0]
[2025-08-07 15:36:23] [INFO] 开始监听客户端连接 [监听套接字: 23, 端口: 11211]
[2025-08-07 15:36:23] [INFO] 连接成功 [客户端IP: 127.0.0.1, 客户端端口: 47760, 新套接字: 25]
[2025-08-07 15:36:31] [INFO] 开始断开连接 [客户端IP: unknown, 客户端端口: -1, 传输类型: TCP]
[2025-08-07 15:36:31] [INFO] TCP连接已断开 [客户端IP: unknown, 客户端端口: -1]
[2025-08-07 15:46:18] [INFO] 日志模块初始化完成 [路径: ./memcached.log, 级别: INFO(2)]
[2025-08-07 15:46:18] [INFO] Memcached 服务启动 [版本: 1.6.20, 端口: 0]
[2025-08-07 15:46:29] [INFO] 开始监听客户端连接 [监听套接字: 23, 端口: 11211]
[2025-08-07 15:46:29] [INFO] 连接成功 [客户端IP: 127.0.0.1, 客户端端口: 43358, 新套接字: 25]
[2025-08-07 15:46:39] [INFO] 开始断开连接 [客户端IP: unknown, 端口: -1, 套接字: 25, 传输类型: TCP]
[2025-08-07 15:46:39] [INFO] TCP连接已断开 [客户端IP: unknown, 端口: -1, 套接字: 25]
[2025-08-07 15:57:41] [INFO] 日志模块初始化完成 [路径: ./memcached.log, 级别: INFO(2)]
[2025-08-07 15:57:41] [INFO] Memcached 服务启动 [版本: 1.6.20, 端口: 0]
[2025-08-07 15:57:52] [INFO] 开始监听客户端连接 [监听套接字: 23, 端口: 11211]
[2025-08-07 15:57:52] [INFO] 连接成功 [客户端IP: 127.0.0.1, 客户端端口: 50200, 新套接字: 25]
[2025-08-07 15:58:36] [INFO] 日志模块初始化完成 [路径: ./memcached.log, 级别: INFO(2)]
[2025-08-07 15:58:36] [INFO] Memcached 服务启动 [版本: 1.6.20, 端口: 0]
[2025-08-07 15:58:44] [INFO] 开始监听客户端连接 [监听套接字: 23, 端口: 11211]
[2025-08-07 15:58:44] [INFO] 连接成功 [客户端IP: 127.0.0.1, 客户端端口: 39946, 新套接字: 25]
[2025-08-07 15:58:48] [INFO] 开始断开连接 [客户端IP: unknown, 端口: -1, 套接字: 25, 传输类型: TCP]
[2025-08-07 15:58:48] [INFO] TCP连接已断开 [客户端IP: unknown, 端口: -1, 套接字: 25]
[2025-08-07 16:14:27] [INFO] 日志模块初始化完成 [路径: ./memcached.log, 级别: INFO(2)]
[2025-08-07 16:14:27] [INFO] Memcached 服务启动 [版本: 1.6.20, 端口: 0]
[2025-08-07 16:14:34] [INFO] 开始监听客户端连接 [监听套接字: 23, 端口: 11211]
[2025-08-07 16:14:34] [INFO] 连接成功 [客户端IP: 127.0.0.1, 客户端端口: 48230, 新套接字: 25]
[2025-08-07 16:14:41] [INFO] 开始解析命令
[2025-08-07 16:14:41] [INFO] 解析完成
[2025-08-07 16:14:51] [INFO] 开始解析命令
[2025-08-07 16:14:51] [INFO] 解析完成
[2025-08-07 16:14:54] [INFO] 开始解析命令
[2025-08-07 16:14:54] [INFO] 解析完成
[2025-08-07 16:15:03] [INFO] 开始解析命令
[2025-08-07 16:15:03] [INFO] 解析完成
[2025-08-07 16:15:11] [INFO] 开始解析命令
[2025-08-07 16:15:11] [INFO] 解析完成
[2025-08-07 16:15:13] [INFO] 开始解析命令
[2025-08-07 16:15:13] [INFO] 解析完成
[2025-08-07 16:15:13] [INFO] 开始断开连接
[2025-08-07 16:15:13] [INFO] TCP连接已断开
[2025-08-07 16:59:30] [INFO] 日志模块初始化完成 [路径: ./memcached.log, 级别: INFO(2)]
[2025-08-07 16:59:30] [INFO] Memcached 服务启动 [版本: 1.6.20, 端口: 0]
[2025-08-07 16:59:40] [INFO] 开始监听客户端连接 [监听套接字: 23, 端口: 11211]
[2025-08-07 16:59:40] [INFO] 连接成功 [客户端IP: 127.0.0.1, 客户端端口: 33044, 新套接字: 25]
[2025-08-07 16:59:43] [INFO] >>> [fd=25] 即将处理命令，当前状态=conn_parse_cmd
[2025-08-07 16:59:43] [INFO] <<< [fd=25] 命令处理完成，返回值=0，下一状态=conn_mwrite
[2025-08-07 16:59:45] [INFO] >>> [fd=25] 即将处理命令，当前状态=conn_parse_cmd
[2025-08-07 16:59:45] [INFO] <<< [fd=25] 命令处理完成，返回值=0，下一状态=conn_mwrite
[2025-08-07 16:59:57] [INFO] >>> [fd=25] 即将处理命令，当前状态=conn_parse_cmd
[2025-08-07 16:59:57] [INFO] <<< [fd=25] 命令处理完成，返回值=0，下一状态=conn_nread
[2025-08-07 17:00:00] [INFO] >>> [fd=25] 即将处理命令，当前状态=conn_parse_cmd
[2025-08-07 17:00:00] [INFO] <<< [fd=25] 命令处理完成，返回值=0，下一状态=conn_mwrite
[2025-08-07 17:00:02] [INFO] >>> [fd=25] 即将处理命令，当前状态=conn_parse_cmd
[2025-08-07 17:00:02] [INFO] <<< [fd=25] 命令处理完成，返回值=0，下一状态=conn_mwrite
[2025-08-07 17:00:02] [INFO] 开始断开连接
[2025-08-07 17:00:02] [INFO] TCP连接已断开
[2025-08-07 17:04:05] [INFO] 日志模块初始化完成 [路径: ./memcached.log, 级别: INFO(2)]
[2025-08-07 17:04:05] [INFO] Memcached 服务启动 [版本: 1.6.20, 端口: 0]
[2025-08-07 17:04:10] [INFO] 开始监听客户端连接 [监听套接字: 23, 端口: 11211]
[2025-08-07 17:04:10] [INFO] 连接成功 [客户端IP: 127.0.0.1, 客户端端口: 40048, 新套接字: 25]
[2025-08-07 17:04:13] [INFO] >>> [fd=25] 收到命令行: get name
[2025-08-07 17:04:13] [INFO] <<< [fd=25] 命令处理完成，返回值=0，下一状态=conn_mwrite
[2025-08-07 17:04:15] [INFO] >>> [fd=25] 收到命令行: get age
[2025-08-07 17:04:15] [INFO] <<< [fd=25] 命令处理完成，返回值=0，下一状态=conn_mwrite
[2025-08-07 17:04:17] [INFO] >>> [fd=25] 收到命令行: quit
[2025-08-07 17:04:17] [INFO] <<< [fd=25] 命令处理完成，返回值=0，下一状态=conn_mwrite
[2025-08-07 17:04:17] [INFO] 开始断开连接
[2025-08-07 17:04:17] [INFO] TCP连接已断开
